# 107
t 1
v 0 0
v 1 4
e 0 1 0
# 206
t 2
v 0 0
v 1 1
e 0 1 0
# 213
t 3
v 0 0
v 1 0
e 0 1 3
# 105
t 4
v 0 0
v 1 0
v 2 4
e 0 1 3
e 1 2 0
# 101
t 5
v 0 0
v 1 0
v 2 4
v 3 0
e 0 1 3
e 1 2 0
e 1 3 3
# 206
t 6
v 0 0
v 1 0
v 2 1
e 0 1 3
e 1 2 0
# 100
t 7
v 0 0
v 1 0
v 2 1
v 3 4
e 0 1 3
e 0 3 0
e 1 2 0
# 97
t 8
v 0 0
v 1 0
v 2 1
v 3 4
v 4 0
e 0 1 3
e 0 3 0
e 0 4 3
e 1 2 0
# 96
t 9
v 0 0
v 1 0
v 2 1
v 3 4
v 4 0
v 5 0
e 0 1 3
e 0 3 0
e 0 4 3
e 1 2 0
e 1 5 3
# 99
t 10
v 0 0
v 1 0
v 2 1
v 3 4
v 4 0
e 0 1 3
e 0 3 0
e 1 2 0
e 1 4 3
# 189
t 11
v 0 0
v 1 0
v 2 1
v 3 1
e 0 1 3
e 0 3 0
e 1 2 0
# 189
t 12
v 0 0
v 1 0
v 2 1
v 3 1
v 4 0
e 0 1 3
e 0 3 0
e 0 4 3
e 1 2 0
# 178
t 13
v 0 0
v 1 0
v 2 1
v 3 1
v 4 0
v 5 0
e 0 1 3
e 0 3 0
e 0 4 3
e 1 2 0
e 1 5 3
# 206
t 14
v 0 0
v 1 0
v 2 1
v 3 0
e 0 1 3
e 1 2 0
e 1 3 3
# 213
t 15
v 0 0
v 1 0
v 2 0
e 0 1 3
e 1 2 3
# 105
t 16
v 0 0
v 1 0
v 2 0
v 3 4
e 0 1 3
e 1 2 3
e 2 3 0
# 101
t 17
v 0 0
v 1 0
v 2 0
v 3 4
v 4 0
e 0 1 3
e 1 2 3
e 2 3 0
e 2 4 3
# 205
t 18
v 0 0
v 1 0
v 2 0
v 3 1
e 0 1 3
e 1 2 3
e 2 3 0
# 103
t 19
v 0 0
v 1 0
v 2 0
v 3 1
v 4 4
e 0 1 3
e 0 4 0
e 1 2 3
e 2 3 0
# 98
t 20
v 0 0
v 1 0
v 2 0
v 3 1
v 4 4
v 5 0
e 0 1 3
e 0 4 0
e 0 5 3
e 1 2 3
e 2 3 0
# 189
t 21
v 0 0
v 1 0
v 2 0
v 3 1
v 4 1
e 0 1 3
e 0 4 0
e 1 2 3
e 2 3 0
# 189
t 22
v 0 0
v 1 0
v 2 0
v 3 1
v 4 1
v 5 0
e 0 1 3
e 0 4 0
e 0 5 3
e 1 2 3
e 2 3 0
# 171
t 23
v 0 0
v 1 0
v 2 0
v 3 1
v 4 1
v 5 0
v 6 0
e 0 1 3
e 0 4 0
e 0 5 3
e 1 2 3
e 2 3 0
e 2 6 3
# 205
t 24
v 0 0
v 1 0
v 2 0
v 3 1
v 4 0
e 0 1 3
e 1 2 3
e 2 3 0
e 2 4 3
# 212
t 25
v 0 0
v 1 0
v 2 0
v 3 0
e 0 1 3
e 1 2 3
e 2 3 3
# 97
t 26
v 0 0
v 1 0
v 2 0
v 3 0
v 4 4
e 0 1 3
e 1 2 3
e 2 3 3
e 3 4 0
# 205
t 27
v 0 0
v 1 0
v 2 0
v 3 0
v 4 1
e 0 1 3
e 1 2 3
e 2 3 3
e 3 4 0
# 186
t 28
v 0 0
v 1 0
v 2 0
v 3 0
v 4 1
v 5 1
e 0 1 3
e 0 5 0
e 1 2 3
e 2 3 3
e 3 4 0
# 174
t 29
v 0 0
v 1 0
v 2 0
v 3 0
v 4 1
v 5 1
v 6 0
e 0 1 3
e 0 5 0
e 0 6 3
e 1 2 3
e 2 3 3
e 3 4 0
# 158
t 30
v 0 0
v 1 0
v 2 0
v 3 0
v 4 1
v 5 1
v 6 0
v 7 1
e 0 1 3
e 0 5 0
e 0 6 3
e 1 2 3
e 2 3 3
e 2 7 0
e 3 4 0
# 159
t 31
v 0 0
v 1 0
v 2 0
v 3 0
v 4 1
v 5 1
v 6 0
v 7 0
e 0 1 3
e 0 5 0
e 0 6 3
e 1 2 3
e 2 3 3
e 3 4 0
e 3 7 3
# 159
t 32
v 0 0
v 1 0
v 2 0
v 3 0
v 4 1
v 5 1
v 6 0
v 7 0
e 0 1 3
e 0 5 0
e 0 6 3
e 1 2 3
e 2 3 3
e 3 4 0
e 3 7 3
e 6 7 3
# 159
t 33
v 0 0
v 1 0
v 2 0
v 3 0
v 4 1
v 5 1
v 6 0
v 7 1
e 0 1 3
e 0 5 0
e 0 6 3
e 1 2 3
e 1 7 0
e 2 3 3
e 3 4 0
# 151
t 34
v 0 0
v 1 0
v 2 0
v 3 0
v 4 1
v 5 1
v 6 0
v 7 1
v 8 0
e 0 1 3
e 0 5 0
e 0 6 3
e 1 2 3
e 1 7 0
e 2 3 3
e 3 4 0
e 3 8 3
# 151
t 35
v 0 0
v 1 0
v 2 0
v 3 0
v 4 1
v 5 1
v 6 0
v 7 1
v 8 0
e 0 1 3
e 0 5 0
e 0 6 3
e 1 2 3
e 1 7 0
e 2 3 3
e 3 4 0
e 3 8 3
e 6 8 3
# 173
t 36
v 0 0
v 1 0
v 2 0
v 3 0
v 4 1
v 5 1
v 6 1
e 0 1 3
e 0 5 0
e 1 2 3
e 1 6 0
e 2 3 3
e 3 4 0
# 96
t 37
v 0 0
v 1 0
v 2 0
v 3 0
v 4 1
v 5 4
e 0 1 3
e 1 2 3
e 2 3 3
e 2 5 0
e 3 4 0
# 189
t 38
v 0 0
v 1 0
v 2 0
v 3 0
v 4 1
v 5 1
e 0 1 3
e 1 2 3
e 2 3 3
e 2 5 0
e 3 4 0
# 191
t 39
v 0 0
v 1 0
v 2 0
v 3 0
v 4 1
v 5 0
e 0 1 3
e 1 2 3
e 2 3 3
e 3 4 0
e 3 5 3
# 165
t 40
v 0 0
v 1 0
v 2 0
v 3 0
v 4 1
v 5 0
v 6 1
e 0 1 3
e 1 2 3
e 2 3 3
e 2 6 0
e 3 4 0
e 3 5 3
# 198
t 41
v 0 0
v 1 0
v 2 0
v 3 0
v 4 0
e 0 1 3
e 1 2 3
e 2 3 3
e 3 4 3
# 97
t 42
v 0 0
v 1 0
v 2 0
v 3 0
v 4 0
v 5 4
e 0 1 3
e 1 2 3
e 2 3 3
e 2 5 0
e 3 4 3
# 183
t 43
v 0 0
v 1 0
v 2 0
v 3 0
v 4 0
v 5 1
e 0 1 3
e 1 2 3
e 2 3 3
e 2 5 0
e 3 4 3
# 190
t 44
v 0 0
v 1 0
v 2 0
v 3 0
v 4 0
v 5 1
e 0 1 3
e 1 2 3
e 2 3 3
e 3 4 3
e 4 5 0
# 173
t 45
v 0 0
v 1 0
v 2 0
v 3 0
v 4 0
v 5 1
v 6 1
e 0 1 3
e 0 6 0
e 1 2 3
e 2 3 3
e 3 4 3
e 4 5 0
# 163
t 46
v 0 0
v 1 0
v 2 0
v 3 0
v 4 0
v 5 1
v 6 1
v 7 0
e 0 1 3
e 0 6 0
e 0 7 3
e 1 2 3
e 2 3 3
e 3 4 3
e 4 5 0
# 151
t 47
v 0 0
v 1 0
v 2 0
v 3 0
v 4 0
v 5 1
v 6 1
v 7 0
v 8 1
e 0 1 3
e 0 6 0
e 0 7 3
e 1 2 3
e 2 3 3
e 3 4 3
e 3 8 0
e 4 5 0
# 151
t 48
v 0 0
v 1 0
v 2 0
v 3 0
v 4 0
v 5 1
v 6 1
v 7 0
v 8 1
e 0 1 3
e 0 6 0
e 0 7 3
e 1 2 3
e 1 8 0
e 2 3 3
e 3 4 3
e 4 5 0
# 161
t 49
v 0 0
v 1 0
v 2 0
v 3 0
v 4 0
v 5 1
v 6 1
v 7 1
e 0 1 3
e 0 6 0
e 1 2 3
e 1 7 0
e 2 3 3
e 3 4 3
e 4 5 0
# 95
t 50
v 0 0
v 1 0
v 2 0
v 3 0
v 4 0
v 5 1
v 6 4
e 0 1 3
e 1 2 3
e 2 3 3
e 2 6 0
e 3 4 3
e 4 5 0
# 171
t 51
v 0 0
v 1 0
v 2 0
v 3 0
v 4 0
v 5 1
v 6 1
e 0 1 3
e 1 2 3
e 2 3 3
e 2 6 0
e 3 4 3
e 4 5 0
# 172
t 52
v 0 0
v 1 0
v 2 0
v 3 0
v 4 0
v 5 1
v 6 1
e 0 1 3
e 1 2 3
e 2 3 3
e 3 4 3
e 3 6 0
e 4 5 0
# 174
t 53
v 0 0
v 1 0
v 2 0
v 3 0
v 4 0
v 5 1
v 6 0
e 0 1 3
e 1 2 3
e 2 3 3
e 3 4 3
e 4 5 0
e 4 6 3
# 174
t 54
v 0 0
v 1 0
v 2 0
v 3 0
v 4 0
v 5 1
v 6 0
e 0 1 3
e 0 6 3
e 1 2 3
e 2 3 3
e 3 4 3
e 4 5 0
e 4 6 3
# 163
t 55
v 0 0
v 1 0
v 2 0
v 3 0
v 4 0
v 5 1
v 6 0
v 7 1
e 0 1 3
e 1 2 3
e 2 3 3
e 2 7 0
e 3 4 3
e 4 5 0
e 4 6 3
# 163
t 56
v 0 0
v 1 0
v 2 0
v 3 0
v 4 0
v 5 1
v 6 0
v 7 1
e 0 1 3
e 0 6 3
e 1 2 3
e 2 3 3
e 2 7 0
e 3 4 3
e 4 5 0
e 4 6 3
# 156
t 57
v 0 0
v 1 0
v 2 0
v 3 0
v 4 0
v 5 1
v 6 0
v 7 1
e 0 1 3
e 1 2 3
e 2 3 3
e 3 4 3
e 3 7 0
e 4 5 0
e 4 6 3
# 156
t 58
v 0 0
v 1 0
v 2 0
v 3 0
v 4 0
v 5 1
v 6 0
v 7 1
e 0 1 3
e 0 6 3
e 1 2 3
e 2 3 3
e 3 4 3
e 3 7 0
e 4 5 0
e 4 6 3
# 180
t 59
v 0 0
v 1 0
v 2 0
v 3 0
v 4 0
v 5 0
e 0 1 3
e 1 2 3
e 2 3 3
e 3 4 3
e 4 5 3
# 180
t 60
v 0 0
v 1 0
v 2 0
v 3 0
v 4 0
v 5 0
e 0 1 3
e 0 5 3
e 1 2 3
e 2 3 3
e 3 4 3
e 4 5 3
# 174
t 61
v 0 0
v 1 0
v 2 0
v 3 0
v 4 0
v 5 0
v 6 1
e 0 1 3
e 1 2 3
e 2 3 3
e 2 6 0
e 3 4 3
e 4 5 3
# 156
t 62
v 0 0
v 1 0
v 2 0
v 3 0
v 4 0
v 5 0
v 6 1
v 7 1
e 0 1 3
e 1 2 3
e 2 3 3
e 2 6 0
e 3 4 3
e 3 7 0
e 4 5 3
# 174
t 63
v 0 0
v 1 0
v 2 0
v 3 0
v 4 0
v 5 0
v 6 1
e 0 1 3
e 1 2 3
e 2 3 3
e 3 4 3
e 4 5 3
e 5 6 0
# 156
t 64
v 0 0
v 1 0
v 2 0
v 3 0
v 4 0
v 5 0
v 6 1
v 7 1
e 0 1 3
e 0 7 0
e 1 2 3
e 2 3 3
e 3 4 3
e 4 5 3
e 5 6 0
# 151
t 65
v 0 0
v 1 0
v 2 0
v 3 0
v 4 0
v 5 0
v 6 1
v 7 1
v 8 1
e 0 1 3
e 0 7 0
e 1 2 3
e 2 3 3
e 2 8 0
e 3 4 3
e 4 5 3
e 5 6 0
# 159
t 66
v 0 0
v 1 0
v 2 0
v 3 0
v 4 0
v 5 0
v 6 1
v 7 1
e 0 1 3
e 1 2 3
e 2 3 3
e 2 7 0
e 3 4 3
e 4 5 3
e 5 6 0
# 151
t 67
v 0 0
v 1 0
v 2 0
v 3 0
v 4 0
v 5 0
v 6 1
v 7 1
v 8 1
e 0 1 3
e 1 2 3
e 2 3 3
e 2 7 0
e 3 4 3
e 3 8 0
e 4 5 3
e 5 6 0
# 163
t 68
v 0 0
v 1 0
v 2 0
v 3 0
v 4 0
v 5 0
v 6 1
v 7 1
e 0 1 3
e 1 2 3
e 2 3 3
e 3 4 3
e 3 7 0
e 4 5 3
e 5 6 0
# 156
t 69
v 0 0
v 1 0
v 2 0
v 3 0
v 4 0
v 5 0
v 6 1
v 7 1
e 0 1 3
e 1 2 3
e 2 3 3
e 3 4 3
e 4 5 3
e 4 7 0
e 5 6 0
# 151
t 70
v 0 0
v 1 0
v 2 0
v 3 0
v 4 0
v 5 0
v 6 1
v 7 1
v 8 1
e 0 1 3
e 1 2 3
e 2 3 3
e 2 8 0
e 3 4 3
e 4 5 3
e 4 7 0
e 5 6 0
# 234
t 71
v 0 1
v 1 9
e 0 1 0
# 133
t 72
v 0 1
v 1 9
v 2 9
e 0 1 0
e 1 2 0
# 123
t 73
v 0 1
v 1 9
v 2 9
v 3 1
e 0 1 0
e 1 2 0
e 1 3 0
# 118
t 74
v 0 1
v 1 9
v 2 9
v 3 1
e 0 1 0
e 1 2 0
e 2 3 0
# 110
t 75
v 0 1
v 1 9
v 2 9
v 3 1
v 4 1
e 0 1 0
e 1 2 0
e 1 4 0
e 2 3 0
# 220
t 76
v 0 1
v 1 9
v 2 1
e 0 1 0
e 1 2 0
# 160
t 77
v 0 1
v 1 9
v 2 1
v 3 1
e 0 1 0
e 1 2 0
e 1 3 0
# 103
t 78
v 0 4
v 1 5
e 0 1 0
# 135
t 79
v 0 9
v 1 9
e 0 1 0
